#
# There is insufficient memory for the Java Runtime Environment to continue.
# Native memory allocation (malloc) failed to allocate 345200 bytes for Chunk::new
# Possible reasons:
#   The system is out of physical RAM or swap space
#   The process is running with CompressedOops enabled, and the Java Heap may be blocking the growth of the native heap
# Possible solutions:
#   Reduce memory load on the system
#   Increase physical memory or swap space
#   Check if swap backing store is full
#   Decrease Java heap size (-Xmx/-Xms)
#   Decrease number of Java threads
#   Decrease Java thread stack sizes (-Xss)
#   Set larger code cache with -XX:ReservedCodeCacheSize=
#   JVM is running with Unscaled Compressed Oops mode in which the Java heap is
#     placed in the first 4GB address space. The Java Heap base address is the
#     maximum limit for the native heap growth. Please use -XX:HeapBaseMinAddress
#     to set the Java Heap base and to place the Java Heap above 4GB virtual address.
# This output file may be truncated or incomplete.
#
#  Out of Memory Error (allocation.cpp:389), pid=10616, tid=0x00000000000057a8
#
# JRE version: OpenJDK Runtime Environment (8.0_202-b03) (build 1.8.0_202-release-1483-b03)
# Java VM: OpenJDK 64-Bit Server VM (25.202-b03 mixed mode windows-amd64 compressed oops)
# Failed to write core dump. Minidumps are not enabled by default on client versions of Windows
#

---------------  T H R E A D  ---------------

Current thread (0x0000000017656800):  JavaThread "C2 CompilerThread0" daemon [_thread_in_native, id=22440, stack(0x0000000018ba0000,0x0000000018ca0000)]

Stack: [0x0000000018ba0000,0x0000000018ca0000]
[error occurred during error reporting (printing stack bounds), id 0xc0000005]

Native frames: (J=compiled Java code, j=interpreted, Vv=VM code, C=native code)


Current CompileTask:
C2:   4129 3311       4       java.security.SecureClassLoader::defineClass (16 bytes)


---------------  P R O C E S S  ---------------

Java Threads: ( => current thread )
  0x00000000176ae800 JavaThread "Service Thread" daemon [_thread_blocked, id=19340, stack(0x00000000192a0000,0x00000000193a0000)]
  0x000000001765e000 JavaThread "C1 CompilerThread2" daemon [_thread_blocked, id=21228, stack(0x0000000018da0000,0x0000000018ea0000)]
  0x000000001765a800 JavaThread "C2 CompilerThread1" daemon [_thread_blocked, id=516, stack(0x0000000018ca0000,0x0000000018da0000)]
=>0x0000000017656800 JavaThread "C2 CompilerThread0" daemon [_thread_in_native, id=22440, stack(0x0000000018ba0000,0x0000000018ca0000)]
  0x0000000017655000 JavaThread "Attach Listener" daemon [_thread_blocked, id=17000, stack(0x0000000018aa0000,0x0000000018ba0000)]
  0x0000000017653800 JavaThread "Signal Dispatcher" daemon [_thread_blocked, id=6560, stack(0x00000000189a0000,0x0000000018aa0000)]
  0x0000000002acc800 JavaThread "Finalizer" daemon [_thread_blocked, id=21200, stack(0x00000000188a0000,0x00000000189a0000)]
  0x0000000017639000 JavaThread "Reference Handler" daemon [_thread_blocked, id=5520, stack(0x00000000187a0000,0x00000000188a0000)]
  0x00000000029d8800 JavaThread "main" [_thread_in_vm, id=4400, stack(0x00000000027d0000,0x00000000028d0000)]

Other Threads:
  0x0000000017617800 VMThread [stack: 0x00000000186a0000,0x00000000187a0000] [id=16508]
  0x0000000018ef2000 WatcherThread [stack: 0x00000000193a0000,0x00000000194a0000] [id=420]

VM state:not at safepoint (normal execution)

VM Mutex/Monitor currently owned by a thread: None

heap address: 0x0000000081200000, size: 2030 MB, Compressed Oops mode: 32-bit
Narrow klass base: 0x0000000000000000, Narrow klass shift: 3
Compressed class space size: 1073741824 Address: 0x0000000100000000

Heap:
 PSYoungGen      total 138240K, used 54688K [0x00000000d5b80000, 0x00000000e0400000, 0x0000000100000000)
  eden space 133120K, 41% used [0x00000000d5b80000,0x00000000d90e8248,0x00000000ddd80000)
  from space 5120K, 0% used [0x00000000ddd80000,0x00000000ddd80000,0x00000000de280000)
  to   space 15872K, 0% used [0x00000000df480000,0x00000000df480000,0x00000000e0400000)
 ParOldGen       total 65024K, used 27480K [0x0000000081200000, 0x0000000085180000, 0x00000000d5b80000)
  object space 65024K, 42% used [0x0000000081200000,0x0000000082cd6178,0x0000000085180000)
 Metaspace       used 39838K, capacity 40454K, committed 40704K, reserved 1085440K
  class space    used 5113K, capacity 5296K, committed 5376K, reserved 1048576K

Card table byte_map: [0x0000000011e90000,0x0000000012290000] byte_map_base: 0x0000000011a87000

Marking Bits: (ParMarkBitMap*) 0x0000000061429f30
 Begin Bits: [0x0000000012940000, 0x00000000148f8000)
 End Bits:   [0x00000000148f8000, 0x00000000168b0000)

Polling page: 0x0000000000960000

CodeCache: size=245760Kb used=10221Kb max_used=10221Kb free=235538Kb
 bounds [0x0000000002ad0000, 0x00000000034e0000, 0x0000000011ad0000]
 total_blobs=3759 nmethods=3320 adapters=352
 compilation: enabled

Compilation events (10 events):
Event: 4.096 Thread 0x000000001765e000 3322       3       java.lang.invoke.BoundMethodHandle::<init> (32 bytes)
Event: 4.096 Thread 0x000000001765e000 nmethod 3322 0x00000000034b9510 code [0x00000000034b96a0, 0x00000000034b9ab8]
Event: 4.097 Thread 0x000000001765e000 3323       3       java.lang.invoke.TypeConvertingMethodAdapter::convertType (299 bytes)
Event: 4.106 Thread 0x000000001765e000 nmethod 3323 0x00000000034bb710 code [0x00000000034bc4a0, 0x00000000034c7d18]
Event: 4.110 Thread 0x000000001765e000 3324       3       java.lang.invoke.MethodType::changeReturnType (20 bytes)
Event: 4.110 Thread 0x000000001765e000 nmethod 3324 0x00000000034b9090 code [0x00000000034b9200, 0x00000000034b9488]
Event: 4.112 Thread 0x000000001765e000 3325       3       sun.reflect.ReflectionFactory::newConstructorAccessor (132 bytes)
Event: 4.114 Thread 0x000000001765e000 nmethod 3325 0x00000000034d0690 code [0x00000000034d0a00, 0x00000000034d2958]
Event: 4.125 Thread 0x000000001765e000 3326       1       java.lang.invoke.MethodHandleImpl$IntrinsicMethodHandle::getTarget (5 bytes)
Event: 4.125 Thread 0x000000001765e000 nmethod 3326 0x0000000003496150 code [0x00000000034962a0, 0x00000000034963b0]

GC Heap History (10 events):
Event: 1.586 GC heap before
{Heap before GC invocations=3 (full 0):
 PSYoungGen      total 71680K, used 21490K [0x00000000d5b80000, 0x00000000da680000, 0x0000000100000000)
  eden space 66560K, 24% used [0x00000000d5b80000,0x00000000d6b827a8,0x00000000d9c80000)
  from space 5120K, 99% used [0x00000000da180000,0x00000000da67a2c8,0x00000000da680000)
  to   space 5120K, 0% used [0x00000000d9c80000,0x00000000d9c80000,0x00000000da180000)
 ParOldGen       total 87552K, used 7521K [0x0000000081200000, 0x0000000086780000, 0x00000000d5b80000)
  object space 87552K, 8% used [0x0000000081200000,0x00000000819587f0,0x0000000086780000)
 Metaspace       used 20786K, capacity 21138K, committed 21296K, reserved 1067008K
  class space    used 2717K, capacity 2837K, committed 2944K, reserved 1048576K
Event: 1.595 GC heap after
Heap after GC invocations=3 (full 0):
 PSYoungGen      total 71680K, used 5118K [0x00000000d5b80000, 0x00000000de780000, 0x0000000100000000)
  eden space 66560K, 0% used [0x00000000d5b80000,0x00000000d5b80000,0x00000000d9c80000)
  from space 5120K, 99% used [0x00000000d9c80000,0x00000000da17fa00,0x00000000da180000)
  to   space 5120K, 0% used [0x00000000de280000,0x00000000de280000,0x00000000de780000)
 ParOldGen       total 87552K, used 11101K [0x0000000081200000, 0x0000000086780000, 0x00000000d5b80000)
  object space 87552K, 12% used [0x0000000081200000,0x0000000081cd7748,0x0000000086780000)
 Metaspace       used 20786K, capacity 21138K, committed 21296K, reserved 1067008K
  class space    used 2717K, capacity 2837K, committed 2944K, reserved 1048576K
}
Event: 1.595 GC heap before
{Heap before GC invocations=4 (full 1):
 PSYoungGen      total 71680K, used 5118K [0x00000000d5b80000, 0x00000000de780000, 0x0000000100000000)
  eden space 66560K, 0% used [0x00000000d5b80000,0x00000000d5b80000,0x00000000d9c80000)
  from space 5120K, 99% used [0x00000000d9c80000,0x00000000da17fa00,0x00000000da180000)
  to   space 5120K, 0% used [0x00000000de280000,0x00000000de280000,0x00000000de780000)
 ParOldGen       total 87552K, used 11101K [0x0000000081200000, 0x0000000086780000, 0x00000000d5b80000)
  object space 87552K, 12% used [0x0000000081200000,0x0000000081cd7748,0x0000000086780000)
 Metaspace       used 20786K, capacity 21138K, committed 21296K, reserved 1067008K
  class space    used 2717K, capacity 2837K, committed 2944K, reserved 1048576K
Event: 1.631 GC heap after
Heap after GC invocations=4 (full 1):
 PSYoungGen      total 71680K, used 0K [0x00000000d5b80000, 0x00000000de780000, 0x0000000100000000)
  eden space 66560K, 0% used [0x00000000d5b80000,0x00000000d5b80000,0x00000000d9c80000)
  from space 5120K, 0% used [0x00000000d9c80000,0x00000000d9c80000,0x00000000da180000)
  to   space 5120K, 0% used [0x00000000de280000,0x00000000de280000,0x00000000de780000)
 ParOldGen       total 65024K, used 8567K [0x0000000081200000, 0x0000000085180000, 0x00000000d5b80000)
  object space 65024K, 13% used [0x0000000081200000,0x0000000081a5dd70,0x0000000085180000)
 Metaspace       used 20786K, capacity 21138K, committed 21296K, reserved 1067008K
  class space    used 2717K, capacity 2837K, committed 2944K, reserved 1048576K
}
Event: 2.736 GC heap before
{Heap before GC invocations=5 (full 1):
 PSYoungGen      total 71680K, used 66560K [0x00000000d5b80000, 0x00000000de780000, 0x0000000100000000)
  eden space 66560K, 100% used [0x00000000d5b80000,0x00000000d9c80000,0x00000000d9c80000)
  from space 5120K, 0% used [0x00000000d9c80000,0x00000000d9c80000,0x00000000da180000)
  to   space 5120K, 0% used [0x00000000de280000,0x00000000de280000,0x00000000de780000)
 ParOldGen       total 65024K, used 8567K [0x0000000081200000, 0x0000000085180000, 0x00000000d5b80000)
  object space 65024K, 13% used [0x0000000081200000,0x0000000081a5dd70,0x0000000085180000)
 Metaspace       used 29801K, capacity 30316K, committed 30464K, reserved 1075200K
  class space    used 3835K, capacity 3994K, committed 4096K, reserved 1048576K
Event: 2.751 GC heap after
Heap after GC invocations=5 (full 1):
 PSYoungGen      total 101888K, used 5090K [0x00000000d5b80000, 0x00000000de780000, 0x0000000100000000)
  eden space 96768K, 0% used [0x00000000d5b80000,0x00000000d5b80000,0x00000000dba00000)
  from space 5120K, 99% used [0x00000000de280000,0x00000000de778908,0x00000000de780000)
  to   space 5120K, 0% used [0x00000000ddd80000,0x00000000ddd80000,0x00000000de280000)
 ParOldGen       total 65024K, used 19594K [0x0000000081200000, 0x0000000085180000, 0x00000000d5b80000)
  object space 65024K, 30% used [0x0000000081200000,0x0000000082522ac8,0x0000000085180000)
 Metaspace       used 29801K, capacity 30316K, committed 30464K, reserved 1075200K
  class space    used 3835K, capacity 3994K, committed 4096K, reserved 1048576K
}
Event: 3.270 GC heap before
{Heap before GC invocations=6 (full 1):
 PSYoungGen      total 101888K, used 32400K [0x00000000d5b80000, 0x00000000de780000, 0x0000000100000000)
  eden space 96768K, 28% used [0x00000000d5b80000,0x00000000d762b7f0,0x00000000dba00000)
  from space 5120K, 99% used [0x00000000de280000,0x00000000de778908,0x00000000de780000)
  to   space 5120K, 0% used [0x00000000ddd80000,0x00000000ddd80000,0x00000000de280000)
 ParOldGen       total 65024K, used 19594K [0x0000000081200000, 0x0000000085180000, 0x00000000d5b80000)
  object space 65024K, 30% used [0x0000000081200000,0x0000000082522ac8,0x0000000085180000)
 Metaspace       used 34796K, capacity 35274K, committed 35456K, reserved 1079296K
  class space    used 4473K, capacity 4628K, committed 4736K, reserved 1048576K
Event: 3.280 GC heap after
Heap after GC invocations=6 (full 1):
 PSYoungGen      total 138240K, used 5099K [0x00000000d5b80000, 0x00000000e0400000, 0x0000000100000000)
  eden space 133120K, 0% used [0x00000000d5b80000,0x00000000d5b80000,0x00000000ddd80000)
  from space 5120K, 99% used [0x00000000ddd80000,0x00000000de27adc8,0x00000000de280000)
  to   space 15872K, 0% used [0x00000000df480000,0x00000000df480000,0x00000000e0400000)
 ParOldGen       total 65024K, used 26223K [0x0000000081200000, 0x0000000085180000, 0x00000000d5b80000)
  object space 65024K, 40% used [0x0000000081200000,0x0000000082b9bf90,0x0000000085180000)
 Metaspace       used 34796K, capacity 35274K, committed 35456K, reserved 1079296K
  class space    used 4473K, capacity 4628K, committed 4736K, reserved 1048576K
}
Event: 3.280 GC heap before
{Heap before GC invocations=7 (full 2):
 PSYoungGen      total 138240K, used 5099K [0x00000000d5b80000, 0x00000000e0400000, 0x0000000100000000)
  eden space 133120K, 0% used [0x00000000d5b80000,0x00000000d5b80000,0x00000000ddd80000)
  from space 5120K, 99% used [0x00000000ddd80000,0x00000000de27adc8,0x00000000de280000)
  to   space 15872K, 0% used [0x00000000df480000,0x00000000df480000,0x00000000e0400000)
 ParOldGen       total 65024K, used 26223K [0x0000000081200000, 0x0000000085180000, 0x00000000d5b80000)
  object space 65024K, 40% used [0x0000000081200000,0x0000000082b9bf90,0x0000000085180000)
 Metaspace       used 34796K, capacity 35274K, committed 35456K, reserved 1079296K
  class space    used 4473K, capacity 4628K, committed 4736K, reserved 1048576K
Event: 3.357 GC heap after
Heap after GC invocations=7 (full 2):
 PSYoungGen      total 138240K, used 0K [0x00000000d5b80000, 0x00000000e0400000, 0x0000000100000000)
  eden space 133120K, 0% used [0x00000000d5b80000,0x00000000d5b80000,0x00000000ddd80000)
  from space 5120K, 0% used [0x00000000ddd80000,0x00000000ddd80000,0x00000000de280000)
  to   space 15872K, 0% used [0x00000000df480000,0x00000000df480000,0x00000000e0400000)
 ParOldGen       total 65024K, used 27480K [0x0000000081200000, 0x0000000085180000, 0x00000000d5b80000)
  object space 65024K, 42% used [0x0000000081200000,0x0000000082cd6178,0x0000000085180000)
 Metaspace       used 34796K, capacity 35274K, committed 35456K, reserved 1079296K
  class space    used 4473K, capacity 4628K, committed 4736K, reserved 1048576K
}

Deoptimization events (10 events):
Event: 3.417 Thread 0x00000000029d8800 Uncommon trap: reason=bimorphic action=maybe_recompile pc=0x00000000030667e0 method=org.jetbrains.kotlin.protobuf.CodedInputStream.tryRefillBuffer(I)Z @ 177
Event: 3.419 Thread 0x00000000029d8800 Uncommon trap: reason=bimorphic action=maybe_recompile pc=0x00000000030667e0 method=org.jetbrains.kotlin.protobuf.CodedInputStream.tryRefillBuffer(I)Z @ 177
Event: 3.422 Thread 0x00000000029d8800 Uncommon trap: reason=bimorphic action=maybe_recompile pc=0x00000000030667e0 method=org.jetbrains.kotlin.protobuf.CodedInputStream.tryRefillBuffer(I)Z @ 177
Event: 3.507 Thread 0x00000000029d8800 Uncommon trap: reason=class_check action=maybe_recompile pc=0x00000000032d5258 method=org.jetbrains.kotlin.com.intellij.openapi.util.text.StringUtilRt.lastIndexOf(Ljava/lang/CharSequence;CII)I @ 17
Event: 3.507 Thread 0x00000000029d8800 Uncommon trap: reason=class_check action=maybe_recompile pc=0x00000000032d5258 method=org.jetbrains.kotlin.com.intellij.openapi.util.text.StringUtilRt.lastIndexOf(Ljava/lang/CharSequence;CII)I @ 17
Event: 3.507 Thread 0x00000000029d8800 Uncommon trap: reason=class_check action=maybe_recompile pc=0x00000000032d5258 method=org.jetbrains.kotlin.com.intellij.openapi.util.text.StringUtilRt.lastIndexOf(Ljava/lang/CharSequence;CII)I @ 17
Event: 3.507 Thread 0x00000000029d8800 Uncommon trap: reason=class_check action=maybe_recompile pc=0x00000000032d5258 method=org.jetbrains.kotlin.com.intellij.openapi.util.text.StringUtilRt.lastIndexOf(Ljava/lang/CharSequence;CII)I @ 17
Event: 3.659 Thread 0x00000000029d8800 Uncommon trap: reason=unstable_if action=reinterpret pc=0x000000000317100c method=java.lang.AbstractStringBuilder.append(Ljava/lang/CharSequence;)Ljava/lang/AbstractStringBuilder; @ 29
Event: 3.697 Thread 0x00000000029d8800 Uncommon trap: reason=unstable_if action=reinterpret pc=0x00000000033113f8 method=gnu.trove.TObjectHash.insertionIndex(Ljava/lang/Object;)I @ 65
Event: 3.711 Thread 0x00000000029d8800 Uncommon trap: reason=unstable_if action=reinterpret pc=0x0000000003245a20 method=java.text.StringCharacterIterator.current()C @ 19

Classes redefined (0 events):
No events

Internal exceptions (10 events):
Event: 2.507 Thread 0x00000000029d8800 Exception <a 'java/lang/ArrayIndexOutOfBoundsException': 108> (0x00000000d8cab0a8) thrown at [D:\src\AOSP-openjdk-cygwin\jdk8u\hotspot\src\share\vm\interpreter\interpreterRuntime.cpp, line 368]
Event: 2.508 Thread 0x00000000029d8800 Exception <a 'java/lang/ArrayIndexOutOfBoundsException'> (0x00000000d8cac788) thrown at [D:\src\AOSP-openjdk-cygwin\jdk8u\hotspot\src\share\vm\runtime\sharedRuntime.cpp, line 605]
Event: 2.508 Thread 0x00000000029d8800 Exception <a 'java/lang/ArrayIndexOutOfBoundsException'> (0x00000000d8cad900) thrown at [D:\src\AOSP-openjdk-cygwin\jdk8u\hotspot\src\share\vm\runtime\sharedRuntime.cpp, line 605]
Event: 2.511 Thread 0x00000000029d8800 Exception <a 'java/lang/ArrayIndexOutOfBoundsException'> (0x00000000d8ccfc78) thrown at [D:\src\AOSP-openjdk-cygwin\jdk8u\hotspot\src\share\vm\runtime\sharedRuntime.cpp, line 605]
Event: 2.512 Thread 0x00000000029d8800 Exception <a 'java/lang/ArrayIndexOutOfBoundsException'> (0x00000000d8cd0cc0) thrown at [D:\src\AOSP-openjdk-cygwin\jdk8u\hotspot\src\share\vm\runtime\sharedRuntime.cpp, line 605]
Event: 2.513 Thread 0x00000000029d8800 Exception <a 'java/lang/ArrayIndexOutOfBoundsException'> (0x00000000d8cdf480) thrown at [D:\src\AOSP-openjdk-cygwin\jdk8u\hotspot\src\share\vm\runtime\sharedRuntime.cpp, line 605]
Event: 3.094 Thread 0x00000000029d8800 Exception <a 'java/lang/NoSuchMethodError': java.lang.Object.lambda$static$0(I)[Lorg/jetbrains/kotlin/psi/KtExpression;> (0x00000000d6d77288) thrown at [D:\src\AOSP-openjdk-cygwin\jdk8u\hotspot\src\share\vm\interpreter\linkResolver.cpp, line 620]
Event: 3.172 Thread 0x00000000029d8800 Exception <a 'java/lang/NoSuchMethodError': java.lang.Object.lambda$static$0(I)[Lorg/jetbrains/kotlin/psi/KtDeclaration;> (0x00000000d7093978) thrown at [D:\src\AOSP-openjdk-cygwin\jdk8u\hotspot\src\share\vm\interpreter\linkResolver.cpp, line 620]
Event: 3.196 Thread 0x00000000029d8800 Exception <a 'java/lang/NoSuchMethodError': java.lang.Object.lambda$static$0(I)[Lorg/jetbrains/kotlin/psi/KtTypeElement;> (0x00000000d71e1988) thrown at [D:\src\AOSP-openjdk-cygwin\jdk8u\hotspot\src\share\vm\interpreter\linkResolver.cpp, line 620]
Event: 3.667 Thread 0x00000000029d8800 Exception <a 'java/lang/NoSuchMethodError': java.lang.Object.lambda$static$0(I)[Lorg/jetbrains/kotlin/com/intellij/psi/PsiClass;> (0x00000000d6e21e88) thrown at [D:\src\AOSP-openjdk-cygwin\jdk8u\hotspot\src\share\vm\interpreter\linkResolver.cpp, line 620]

Events (10 events):
Event: 4.121 loading class org/jetbrains/kotlin/com/intellij/psi/impl/source/tree/java/PsiSwitchLabelStatementBaseImpl
Event: 4.121 loading class org/jetbrains/kotlin/com/intellij/psi/impl/source/tree/java/PsiSwitchLabelStatementBaseImpl done
Event: 4.123 loading class org/jetbrains/kotlin/com/intellij/psi/impl/source/tree/java/PsiSwitchLabeledRuleStatementImpl
Event: 4.123 loading class org/jetbrains/kotlin/com/intellij/psi/impl/source/tree/java/PsiSwitchLabeledRuleStatementImpl done
Event: 4.123 loading class org/jetbrains/kotlin/com/intellij/psi/PsiSwitchLabeledRuleStatement
Event: 4.123 loading class org/jetbrains/kotlin/com/intellij/psi/PsiSwitchLabeledRuleStatement done
Event: 4.125 loading class org/jetbrains/kotlin/com/intellij/psi/impl/source/tree/java/PsiBreakStatementImpl
Event: 4.125 loading class org/jetbrains/kotlin/com/intellij/psi/impl/source/tree/java/PsiBreakStatementImpl done
Event: 4.125 loading class org/jetbrains/kotlin/com/intellij/psi/PsiBreakStatement
Event: 4.125 loading class org/jetbrains/kotlin/com/intellij/psi/PsiBreakStatement done


Dynamic libraries:
0x00007ff71b1e0000 - 0x00007ff71b211000 	C:\Program Files\Android\Android Studio\jre\jre\bin\java.exe
0x00007ffc668d0000 - 0x00007ffc66ab1000 	C:\WINDOWS\SYSTEM32\ntdll.dll
0x00007ffc64880000 - 0x00007ffc64931000 	C:\WINDOWS\System32\KERNEL32.DLL
0x00007ffc636d0000 - 0x00007ffc63943000 	C:\WINDOWS\System32\KERNELBASE.dll
0x00007ffc65120000 - 0x00007ffc651c1000 	C:\WINDOWS\System32\ADVAPI32.dll
0x00007ffc66800000 - 0x00007ffc6689e000 	C:\WINDOWS\System32\msvcrt.dll
0x00007ffc64210000 - 0x00007ffc6426b000 	C:\WINDOWS\System32\sechost.dll
0x00007ffc64e90000 - 0x00007ffc64fb4000 	C:\WINDOWS\System32\RPCRT4.dll
0x00007ffc646f0000 - 0x00007ffc64880000 	C:\WINDOWS\System32\USER32.dll
0x00007ffc63c30000 - 0x00007ffc63c50000 	C:\WINDOWS\System32\win32u.dll
0x00007ffc64270000 - 0x00007ffc64298000 	C:\WINDOWS\System32\GDI32.dll
0x00007ffc62c90000 - 0x00007ffc62e21000 	C:\WINDOWS\System32\gdi32full.dll
0x00007ffc63950000 - 0x00007ffc639ef000 	C:\WINDOWS\System32\msvcp_win.dll
0x00007ffc63c50000 - 0x00007ffc63d48000 	C:\WINDOWS\System32\ucrtbase.dll
0x00007ffc52500000 - 0x00007ffc52769000 	C:\WINDOWS\WinSxS\amd64_microsoft.windows.common-controls_6595b64144ccf1df_6.0.17134.1006_none_d3fbb8f77c940c3f\COMCTL32.dll
0x00007ffc64350000 - 0x00007ffc64671000 	C:\WINDOWS\System32\combase.dll
0x00007ffc63540000 - 0x00007ffc635b9000 	C:\WINDOWS\System32\bcryptPrimitives.dll
0x00007ffc64e60000 - 0x00007ffc64e8d000 	C:\WINDOWS\System32\IMM32.DLL
0x0000000061fc0000 - 0x0000000062092000 	C:\Program Files\Android\Android Studio\jre\jre\bin\msvcr100.dll
0x0000000060c60000 - 0x00000000614a6000 	C:\Program Files\Android\Android Studio\jre\jre\bin\server\jvm.dll
0x00007ffc65110000 - 0x00007ffc65118000 	C:\WINDOWS\System32\PSAPI.DLL
0x00007ffc42910000 - 0x00007ffc42919000 	C:\WINDOWS\SYSTEM32\WSOCK32.dll
0x00007ffc60800000 - 0x00007ffc60823000 	C:\WINDOWS\SYSTEM32\WINMM.dll
0x00007ffc60d70000 - 0x00007ffc60d7a000 	C:\WINDOWS\SYSTEM32\VERSION.dll
0x00007ffc64680000 - 0x00007ffc646ec000 	C:\WINDOWS\System32\WS2_32.dll
0x00007ffc607d0000 - 0x00007ffc607fa000 	C:\WINDOWS\SYSTEM32\winmmbase.dll
0x00007ffc639f0000 - 0x00007ffc63a39000 	C:\WINDOWS\System32\cfgmgr32.dll
0x00007ffc573c0000 - 0x00007ffc573cf000 	C:\Program Files\Android\Android Studio\jre\jre\bin\verify.dll
0x00007ffc4f650000 - 0x00007ffc4f679000 	C:\Program Files\Android\Android Studio\jre\jre\bin\java.dll
0x00007ffc572b0000 - 0x00007ffc572c6000 	C:\Program Files\Android\Android Studio\jre\jre\bin\zip.dll
0x00007ffc651d0000 - 0x00007ffc66612000 	C:\WINDOWS\System32\SHELL32.dll
0x00007ffc642a0000 - 0x00007ffc64349000 	C:\WINDOWS\System32\shcore.dll
0x00007ffc62e30000 - 0x00007ffc6353e000 	C:\WINDOWS\System32\windows.storage.dll
0x00007ffc64ba0000 - 0x00007ffc64bf1000 	C:\WINDOWS\System32\shlwapi.dll
0x00007ffc62c50000 - 0x00007ffc62c61000 	C:\WINDOWS\System32\kernel.appcore.dll
0x00007ffc62be0000 - 0x00007ffc62bff000 	C:\WINDOWS\System32\profapi.dll
0x00007ffc62c00000 - 0x00007ffc62c4c000 	C:\WINDOWS\System32\powrprof.dll
0x00007ffc62bd0000 - 0x00007ffc62bda000 	C:\WINDOWS\System32\FLTLIB.DLL
0x00007ffc56df0000 - 0x00007ffc56e0a000 	C:\Program Files\Android\Android Studio\jre\jre\bin\net.dll
0x00007ffc62450000 - 0x00007ffc624b6000 	C:\WINDOWS\system32\mswsock.dll
0x00007ffc554f0000 - 0x00007ffc55501000 	C:\Program Files\Android\Android Studio\jre\jre\bin\nio.dll

VM Arguments:
java_command: org.jetbrains.kotlin.cli.jvm.K2JVMCompiler -Xallow-no-source-files -classpath C:\Users\justi.JUSTINE-SURFACE\.gradle\caches\transforms-2\files-2.1\22c8a76a0fceff06c9736b6055cb3c8f\databinding-adapters-3.5.0\jars\classes.jar;C:\Users\justi.JUSTINE-SURFACE\.gradle\caches\transforms-2\files-2.1\4d844fba06df92ba9573175671bd485a\databinding-runtime-3.5.0\jars\classes.jar;C:\Users\justi.JUSTINE-SURFACE\.gradle\caches\modules-2\files-2.1\androidx.databinding\databinding-common\3.5.0\ad17a14009fa4322bf1f90fd8ca631992e5d667f\databinding-common-3.5.0.jar;C:\Users\justi.JUSTINE-SURFACE\.gradle\caches\transforms-2\files-2.1\a16f6e7b6c6b182edeeada9cd8d73ea0\navigation-ui-ktx-2.1.0\jars\classes.jar;C:\Users\justi.JUSTINE-SURFACE\.gradle\caches\transforms-2\files-2.1\04635a1223640c78c7313ddacc4f94e9\jetified-navigation-ui-2.1.0\jars\classes.jar;C:\Users\justi.JUSTINE-SURFACE\.gradle\caches\transforms-2\files-2.1\386b98c8a682b2678f74cb95fd699213\material-1.0.0\jars\classes.jar;C:\Users\justi.JUSTINE-SURFACE\.gradle\caches\transforms-2\files-2.1\6d706755a80490db66113e288563ce1d\appcompat-1.0.2\jars\classes.jar;C:\Users\justi.JUSTINE-SURFACE\.gradle\caches\transforms-2\files-2.1\c42464daba748f19034b9ae179cefb8b\core-ktx-1.0.2\jars\classes.jar;C:\Users\justi.JUSTINE-SURFACE\.gradle\caches\transforms-2\files-2.1\48cf507b97dbafaa0d5571f79ab230f1\legacy-support-v4-1.0.0\jars\classes.jar;C:\Users\justi.JUSTINE-SURFACE\.gradle\caches\transforms-2\files-2.1\f395ebf6e31c6e8be66b6ef525f472b8\vectordrawable-animated-1.0.0\jars\classes.jar;C:\Users\justi.JUSTINE-SURFACE\.gradle\caches\transforms-2\files-2.1\412c012a021d75b8b55696d12119004b\recyclerview-1.0.0\jars\classes.jar;C:\Users\justi.JUSTINE-SURFACE\.gradle\caches\transforms-2\files-2.1\889d73841c7cb33b7978774802052ff4\legacy-support-core-ui-1.0.0\jars\classes.jar;C:\Users\justi.JUSTINE-SURFACE\.gradle\caches\transforms-2\files-2.1\5f483a662e5c6752728c189c66ff2398\legacy-support-core-utils-1.0.0\jars\classes.jar;C:\Users\j
java_class_path (initial): C:\Users\justi.JUSTINE-SURFACE\.gradle\caches\modules-2\files-2.1\org.jetbrains.kotlin\kotlin-compiler-embeddable\1.3.41\6b1d4385d65894e07a0d14a5949f5417a408f0b7\kotlin-compiler-embeddable-1.3.41.jar;C:\Users\justi.JUSTINE-SURFACE\.gradle\caches\modules-2\files-2.1\org.jetbrains.kotlin\kotlin-reflect\1.3.41\8fb58b8954661de666e321478bf4178c18ce8018\kotlin-reflect-1.3.41.jar;C:\Users\justi.JUSTINE-SURFACE\.gradle\caches\modules-2\files-2.1\org.jetbrains.kotlin\kotlin-stdlib\1.3.41\e24bd38de28a326cce8b1f0d61e809e9a92dad6a\kotlin-stdlib-1.3.41.jar;C:\Users\justi.JUSTINE-SURFACE\.gradle\caches\modules-2\files-2.1\org.jetbrains.kotlin\kotlin-script-runtime\1.3.41\bcc3380041bbba171119c22d7024961b60da69e0\kotlin-script-runtime-1.3.41.jar;C:\Users\justi.JUSTINE-SURFACE\.gradle\caches\modules-2\files-2.1\org.jetbrains.intellij.deps\trove4j\1.0.20181211\216c2e14b070f334479d800987affe4054cd563f\trove4j-1.0.20181211.jar;C:\Users\justi.JUSTINE-SURFACE\.gradle\caches\modules-2\files-2.1\org.jetbrains.kotlin\kotlin-stdlib-common\1.3.41\2ecf4aa059427d7186312fd1736afedf7972e7f7\kotlin-stdlib-common-1.3.41.jar;C:\Users\justi.JUSTINE-SURFACE\.gradle\caches\modules-2\files-2.1\org.jetbrains\annotations\13.0\919f0dfe192fb4e063e7dacadee7f8bb9a2672a9\annotations-13.0.jar;C:\Program Files\Android\Android Studio\jre\lib\tools.jar
Launcher Type: SUN_STANDARD

Environment Variables:
JAVA_HOME=C:\Program Files\Java\jdk-12.0.2
PATH=C:\Program Files\Haskell\bin;C:\Program Files\Haskell Platform\8.4.3\lib\extralibs\bin;C:\Program Files\Haskell Platform\8.4.3\bin;C:\Program Files (x86)\NVIDIA Corporation\PhysX\Common;C:\ProgramData\Oracle\Java\javapath;C:\WINDOWS\system32;C:\WINDOWS;C:\WINDOWS\System32\Wbem;C:\WINDOWS\System32\WindowsPowerShell\v1.0;C:\Program Files\Java\jdk1.8.0_121\bin;C:\Program Files\Java\jre1.8.0_121\bin;C:\Program Files\Git\cmd;C:\WINDOWS\System32\WindowsPowerShell\v1.0\;C:\WINDOWS\System32\OpenSSH\;C:\Program Files\Haskell Platform\8.4.3\mingw\bin;C:\Program Files\nodejs\;C:\apache-maven-3.6.0-bin\apache-maven-3.6.0\bin;C:\Program Files\MySQL\MySQL Server 8.0\bin;C:\Python;C:\Python\Scripts;C:\Program Files\Java\jdk-12.0.2\bin;C:\Program Files (x86)\Yarn\bin\;C:\Program Files\PostgreSQL\12\bin;C:\Users\justi.JUSTINE-SURFACE\scoop\apps\yarn\current\Yarn\bin;C:\Users\justi.JUSTINE-SURFACE\scoop\apps\yarn\current\global\node_modules\.bin;C:\Users\justi.JUSTINE-SURFACE\scoop\shims;C:\RailsInstaller\Git\cmd;C:\RailsInstaller\Ruby2.3.3\bin;C:\Ruby25-x64\bin;C:\Users\justi.JUSTINE-SURFACE\AppData\Roaming\cabal\bin;C:\bin;C:\Users\justi.JUSTINE-SURFACE\AppData\Local\Microsoft\WindowsApps;C:\Program Files\Microsoft VS Code\bin;C:\Users\justi.JUSTINE-SURFACE\AppData\Roaming\npm;C:\Program Files (x86)\SSH Communications Security\SSH Secure Shell;C:\Users\justi.JUSTINE-SURFACE\AppData\Roaming\Microsoft\Windows\Start Menu\Programs\Python 3.6;C:\Python;C:\Python\Scripts;C:\Program Files\Java\jdk-12.0.2\bin;C:\Users\justi.JUSTINE-SURFACE\AppData\Local\GitHubDesktop\bin;C:\Users\justi.JUSTINE-SURFACE\AppData\Local\Yarn\bin\;C:\Program Files\PostgreSQL\12\bin;
USERNAME=justi
OS=Windows_NT
PROCESSOR_IDENTIFIER=Intel64 Family 6 Model 78 Stepping 3, GenuineIntel



---------------  S Y S T E M  ---------------

OS: Windows 10.0 , 64 bit Build 17134 (10.0.17134.753)

CPU:total 4 (initial active 4) (2 cores per cpu, 2 threads per core) family 6 model 78 stepping 3, cmov, cx8, fxsr, mmx, sse, sse2, sse3, ssse3, sse4.1, sse4.2, popcnt, avx, avx2, aes, clmul, erms, rtm, 3dnowpref, lzcnt, ht, tsc, tscinvbit, bmi1, bmi2, adx

Memory: 4k page, physical 8312088k(1570480k free), swap 14466968k(5500k free)

vm_info: OpenJDK 64-Bit Server VM (25.202-b03) for windows-amd64 JRE (1.8.0_202-release-1483-b03), built by "builder" with MS VC++ 10.0 (VS2010)

time: Wed Nov 06 22:28:58 2019
timezone: Pacific Standard Time
elapsed time: 4 seconds (0d 0h 0m 4s)

