#
# There is insufficient memory for the Java Runtime Environment to continue.
# Native memory allocation (malloc) failed to allocate 172176 bytes for Chunk::new
# Possible reasons:
#   The system is out of physical RAM or swap space
#   The process is running with CompressedOops enabled, and the Java Heap may be blocking the growth of the native heap
# Possible solutions:
#   Reduce memory load on the system
#   Increase physical memory or swap space
#   Check if swap backing store is full
#   Decrease Java heap size (-Xmx/-Xms)
#   Decrease number of Java threads
#   Decrease Java thread stack sizes (-Xss)
#   Set larger code cache with -XX:ReservedCodeCacheSize=
#   JVM is running with Unscaled Compressed Oops mode in which the Java heap is
#     placed in the first 4GB address space. The Java Heap base address is the
#     maximum limit for the native heap growth. Please use -XX:HeapBaseMinAddress
#     to set the Java Heap base and to place the Java Heap above 4GB virtual address.
# This output file may be truncated or incomplete.
#
#  Out of Memory Error (allocation.cpp:389), pid=20496, tid=0x00000000000044b8
#
# JRE version: OpenJDK Runtime Environment (8.0_202-b03) (build 1.8.0_202-release-1483-b03)
# Java VM: OpenJDK 64-Bit Server VM (25.202-b03 mixed mode windows-amd64 compressed oops)
# Failed to write core dump. Minidumps are not enabled by default on client versions of Windows
#

---------------  T H R E A D  ---------------

Current thread (0x0000000017536800):  JavaThread "C2 CompilerThread0" daemon [_thread_in_native, id=17592, stack(0x0000000018b80000,0x0000000018c80000)]

Stack: [0x0000000018b80000,0x0000000018c80000]
[error occurred during error reporting (printing stack bounds), id 0xc0000005]

Native frames: (J=compiled Java code, j=interpreted, Vv=VM code, C=native code)


Current CompileTask:
C2:   1478 1427       4       java.io.DataOutputStream::writeUTF (435 bytes)


---------------  P R O C E S S  ---------------

Java Threads: ( => current thread )
  0x000000001758d000 JavaThread "Service Thread" daemon [_thread_blocked, id=18920, stack(0x0000000019280000,0x0000000019380000)]
  0x0000000017542800 JavaThread "C1 CompilerThread2" daemon [_thread_blocked, id=7000, stack(0x0000000018d80000,0x0000000018e80000)]
  0x000000001753b000 JavaThread "C2 CompilerThread1" daemon [_thread_in_native, id=8144, stack(0x0000000018c80000,0x0000000018d80000)]
=>0x0000000017536800 JavaThread "C2 CompilerThread0" daemon [_thread_in_native, id=17592, stack(0x0000000018b80000,0x0000000018c80000)]
  0x0000000017535000 JavaThread "Attach Listener" daemon [_thread_blocked, id=7040, stack(0x0000000018a80000,0x0000000018b80000)]
  0x0000000017534000 JavaThread "Signal Dispatcher" daemon [_thread_blocked, id=21388, stack(0x0000000018980000,0x0000000018a80000)]
  0x00000000029ac800 JavaThread "Finalizer" daemon [_thread_blocked, id=18644, stack(0x0000000018790000,0x0000000018890000)]
  0x0000000017519000 JavaThread "Reference Handler" daemon [_thread_blocked, id=10316, stack(0x0000000018690000,0x0000000018790000)]
  0x00000000028b8800 JavaThread "main" [_thread_in_Java, id=11836, stack(0x0000000002760000,0x0000000002860000)]

Other Threads:
  0x00000000174f7800 VMThread [stack: 0x0000000018590000,0x0000000018690000] [id=14284]
  0x000000001758e000 WatcherThread [stack: 0x0000000019380000,0x0000000019480000] [id=14752]

VM state:not at safepoint (normal execution)

VM Mutex/Monitor currently owned by a thread: None

heap address: 0x0000000081200000, size: 2030 MB, Compressed Oops mode: 32-bit
Narrow klass base: 0x0000000000000000, Narrow klass shift: 3
Compressed class space size: 1073741824 Address: 0x0000000100000000

Heap:
 PSYoungGen      total 71680K, used 9109K [0x00000000d5b80000, 0x00000000da680000, 0x0000000100000000)
  eden space 66560K, 6% used [0x00000000d5b80000,0x00000000d5f66880,0x00000000d9c80000)
  from space 5120K, 99% used [0x00000000da180000,0x00000000da67ed48,0x00000000da680000)
  to   space 5120K, 0% used [0x00000000d9c80000,0x00000000d9c80000,0x00000000da180000)
 ParOldGen       total 87552K, used 7525K [0x0000000081200000, 0x0000000086780000, 0x00000000d5b80000)
  object space 87552K, 8% used [0x0000000081200000,0x00000000819597e0,0x0000000086780000)
 Metaspace       used 17552K, capacity 17870K, committed 18048K, reserved 1064960K
  class space    used 2051K, capacity 2151K, committed 2176K, reserved 1048576K

Card table byte_map: [0x0000000011d70000,0x0000000012170000] byte_map_base: 0x0000000011967000

Marking Bits: (ParMarkBitMap*) 0x0000000061429f30
 Begin Bits: [0x0000000012820000, 0x00000000147d8000)
 End Bits:   [0x00000000147d8000, 0x0000000016790000)

Polling page: 0x0000000000930000

CodeCache: size=245760Kb used=4567Kb max_used=4567Kb free=241192Kb
 bounds [0x00000000029b0000, 0x0000000002e30000, 0x00000000119b0000]
 total_blobs=1806 nmethods=1433 adapters=284
 compilation: enabled

Compilation events (10 events):
Event: 1.469 Thread 0x0000000017542800 1425       3       java.nio.Buffer::limit (62 bytes)
Event: 1.469 Thread 0x0000000017542800 nmethod 1425 0x0000000002e1bf50 code [0x0000000002e1c0c0, 0x0000000002e1c3c8]
Event: 1.470 Thread 0x0000000017542800 1426       3       sun.misc.ProxyGenerator::codeLocalLoadStore (90 bytes)
Event: 1.471 Thread 0x0000000017536800 1427       4       java.io.DataOutputStream::writeUTF (435 bytes)
Event: 1.471 Thread 0x0000000017542800 nmethod 1426 0x0000000002e1c490 code [0x0000000002e1c6e0, 0x0000000002e1d808]
Event: 1.471 Thread 0x0000000017542800 1429       3       sun.reflect.generics.parser.SignatureParser::parsePackageNameAndSimpleClassTypeSignature (139 bytes)
Event: 1.474 Thread 0x0000000017542800 nmethod 1429 0x0000000002e1e290 code [0x0000000002e1e5e0, 0x0000000002e1ffa8]
Event: 1.474 Thread 0x0000000017542800 1430  s    3       java.lang.reflect.Field::declaredAnnotations (59 bytes)
Event: 1.474 Thread 0x0000000017542800 nmethod 1430 0x0000000002e20dd0 code [0x0000000002e20f80, 0x0000000002e21688]
Event: 1.476 Thread 0x0000000017542800 1432       3       java.lang.reflect.Method::equals (69 bytes)

GC Heap History (4 events):
Event: 0.800 GC heap before
{Heap before GC invocations=1 (full 0):
 PSYoungGen      total 38400K, used 33280K [0x00000000d5b80000, 0x00000000d8600000, 0x0000000100000000)
  eden space 33280K, 100% used [0x00000000d5b80000,0x00000000d7c00000,0x00000000d7c00000)
  from space 5120K, 0% used [0x00000000d8100000,0x00000000d8100000,0x00000000d8600000)
  to   space 5120K, 0% used [0x00000000d7c00000,0x00000000d7c00000,0x00000000d8100000)
 ParOldGen       total 87552K, used 0K [0x0000000081200000, 0x0000000086780000, 0x00000000d5b80000)
  object space 87552K, 0% used [0x0000000081200000,0x0000000081200000,0x0000000086780000)
 Metaspace       used 10011K, capacity 10224K, committed 10496K, reserved 1058816K
  class space    used 1106K, capacity 1182K, committed 1280K, reserved 1048576K
Event: 0.809 GC heap after
Heap after GC invocations=1 (full 0):
 PSYoungGen      total 38400K, used 5093K [0x00000000d5b80000, 0x00000000da680000, 0x0000000100000000)
  eden space 33280K, 0% used [0x00000000d5b80000,0x00000000d5b80000,0x00000000d7c00000)
  from space 5120K, 99% used [0x00000000d7c00000,0x00000000d80f9548,0x00000000d8100000)
  to   space 5120K, 0% used [0x00000000da180000,0x00000000da180000,0x00000000da680000)
 ParOldGen       total 87552K, used 2635K [0x0000000081200000, 0x0000000086780000, 0x00000000d5b80000)
  object space 87552K, 3% used [0x0000000081200000,0x0000000081492ca8,0x0000000086780000)
 Metaspace       used 10011K, capacity 10224K, committed 10496K, reserved 1058816K
  class space    used 1106K, capacity 1182K, committed 1280K, reserved 1048576K
}
Event: 1.386 GC heap before
{Heap before GC invocations=2 (full 0):
 PSYoungGen      total 38400K, used 38373K [0x00000000d5b80000, 0x00000000da680000, 0x0000000100000000)
  eden space 33280K, 100% used [0x00000000d5b80000,0x00000000d7c00000,0x00000000d7c00000)
  from space 5120K, 99% used [0x00000000d7c00000,0x00000000d80f9548,0x00000000d8100000)
  to   space 5120K, 0% used [0x00000000da180000,0x00000000da180000,0x00000000da680000)
 ParOldGen       total 87552K, used 2635K [0x0000000081200000, 0x0000000086780000, 0x00000000d5b80000)
  object space 87552K, 3% used [0x0000000081200000,0x0000000081492ca8,0x0000000086780000)
 Metaspace       used 16230K, capacity 16556K, committed 16640K, reserved 1064960K
  class space    used 1905K, capacity 1990K, committed 2048K, reserved 1048576K
Event: 1.397 GC heap after
Heap after GC invocations=2 (full 0):
 PSYoungGen      total 71680K, used 5115K [0x00000000d5b80000, 0x00000000da680000, 0x0000000100000000)
  eden space 66560K, 0% used [0x00000000d5b80000,0x00000000d5b80000,0x00000000d9c80000)
  from space 5120K, 99% used [0x00000000da180000,0x00000000da67ed48,0x00000000da680000)
  to   space 5120K, 0% used [0x00000000d9c80000,0x00000000d9c80000,0x00000000da180000)
 ParOldGen       total 87552K, used 7525K [0x0000000081200000, 0x0000000086780000, 0x00000000d5b80000)
  object space 87552K, 8% used [0x0000000081200000,0x00000000819597e0,0x0000000086780000)
 Metaspace       used 16230K, capacity 16556K, committed 16640K, reserved 1064960K
  class space    used 1905K, capacity 1990K, committed 2048K, reserved 1048576K
}

Deoptimization events (10 events):
Event: 0.531 Thread 0x00000000028b8800 Uncommon trap: reason=unstable_if action=reinterpret pc=0x0000000002bd91b0 method=sun.misc.MetaIndex.mayContain(Ljava/lang/String;)Z @ 13
Event: 0.686 Thread 0x00000000028b8800 Uncommon trap: reason=unstable_if action=reinterpret pc=0x0000000002b5aa44 method=java.lang.String.indexOf([CII[CIII)I @ 134
Event: 0.704 Thread 0x00000000028b8800 Uncommon trap: reason=unstable_if action=reinterpret pc=0x0000000002be402c method=sun.misc.MetaIndex.mayContain(Ljava/lang/String;)Z @ 13
Event: 0.730 Thread 0x00000000028b8800 Uncommon trap: reason=unstable_if action=reinterpret pc=0x0000000002c3ba28 method=kotlin.reflect.jvm.internal.impl.protobuf.CodedInputStream.readRawVarint32()I @ 10
Event: 1.083 Thread 0x00000000028b8800 Uncommon trap: reason=unstable_if action=reinterpret pc=0x0000000002c10e08 method=java.lang.String.<init>([CII)V @ 18
Event: 1.111 Thread 0x00000000028b8800 Uncommon trap: reason=unstable_if action=reinterpret pc=0x0000000002b94178 method=java.lang.String.<init>([CII)V @ 18
Event: 1.113 Thread 0x00000000028b8800 Uncommon trap: reason=unstable_if action=reinterpret pc=0x0000000002b3e064 method=java.lang.String.replace(CC)Ljava/lang/String; @ 2
Event: 1.277 Thread 0x00000000028b8800 Uncommon trap: reason=unstable_if action=reinterpret pc=0x0000000002c03a28 method=java.util.HashMap.hash(Ljava/lang/Object;)I @ 1
Event: 1.342 Thread 0x00000000028b8800 Uncommon trap: reason=class_check action=maybe_recompile pc=0x0000000002d21800 method=java.util.Collections$UnmodifiableCollection.size()I @ 4
Event: 1.343 Thread 0x00000000028b8800 Uncommon trap: reason=class_check action=maybe_recompile pc=0x0000000002d21800 method=java.util.Collections$UnmodifiableCollection.size()I @ 4

Classes redefined (0 events):
No events

Internal exceptions (10 events):
Event: 0.531 Thread 0x00000000028b8800 Exception <a 'java/security/PrivilegedActionException'> (0x00000000d6c8cc10) thrown at [D:\src\AOSP-openjdk-cygwin\jdk8u\hotspot\src\share\vm\prims\jvm.cpp, line 1508]
Event: 0.532 Thread 0x00000000028b8800 Exception <a 'java/security/PrivilegedActionException'> (0x00000000d6c90fb8) thrown at [D:\src\AOSP-openjdk-cygwin\jdk8u\hotspot\src\share\vm\prims\jvm.cpp, line 1508]
Event: 0.532 Thread 0x00000000028b8800 Exception <a 'java/security/PrivilegedActionException'> (0x00000000d6c91598) thrown at [D:\src\AOSP-openjdk-cygwin\jdk8u\hotspot\src\share\vm\prims\jvm.cpp, line 1508]
Event: 0.532 Thread 0x00000000028b8800 Exception <a 'java/security/PrivilegedActionException'> (0x00000000d6c93270) thrown at [D:\src\AOSP-openjdk-cygwin\jdk8u\hotspot\src\share\vm\prims\jvm.cpp, line 1508]
Event: 0.532 Thread 0x00000000028b8800 Exception <a 'java/security/PrivilegedActionException'> (0x00000000d6c93850) thrown at [D:\src\AOSP-openjdk-cygwin\jdk8u\hotspot\src\share\vm\prims\jvm.cpp, line 1508]
Event: 0.696 Thread 0x00000000028b8800 Exception <a 'java/lang/ArrayIndexOutOfBoundsException'> (0x00000000d7619598) thrown at [D:\src\AOSP-openjdk-cygwin\jdk8u\hotspot\src\share\vm\runtime\sharedRuntime.cpp, line 605]
Event: 0.894 Thread 0x00000000028b8800 Exception <a 'java/lang/ArrayIndexOutOfBoundsException'> (0x00000000d5f87238) thrown at [D:\src\AOSP-openjdk-cygwin\jdk8u\hotspot\src\share\vm\runtime\sharedRuntime.cpp, line 605]
Event: 1.277 Thread 0x00000000028b8800 Implicit null exception at 0x0000000002c039af to 0x0000000002c03a19
Event: 1.342 Thread 0x00000000028b8800 Exception <a 'java/lang/NoSuchMethodError': java.lang.Object.lambda$comparing$77a9974f$1(Ljava/util/function/Function;Ljava/lang/Object;Ljava/lang/Object;)I> (0x00000000d79efb40) thrown at [D:\src\AOSP-openjdk-cygwin\jdk8u\hotspot\src\share\vm\interpreter
Event: 1.363 Thread 0x00000000028b8800 Exception <a 'java/lang/NoSuchMethodError': java.lang.Object.lambda$static$0()J> (0x00000000d7aeee58) thrown at [D:\src\AOSP-openjdk-cygwin\jdk8u\hotspot\src\share\vm\interpreter\linkResolver.cpp, line 620]

Events (10 events):
Event: 1.470 loading class org/jetbrains/kotlin/com/intellij/util/xmlb/annotations/XCollection$Style
Event: 1.470 loading class org/jetbrains/kotlin/com/intellij/util/xmlb/annotations/XCollection$Style done
Event: 1.473 loading class org/jetbrains/kotlin/com/intellij/util/containers/ConcurrentSoftValueHashMap$MySoftReference
Event: 1.473 loading class org/jetbrains/kotlin/com/intellij/util/containers/ConcurrentSoftValueHashMap$MySoftReference done
Event: 1.474 loading class org/jetbrains/kotlin/com/intellij/util/xmlb/annotations/Text
Event: 1.474 loading class org/jetbrains/kotlin/com/intellij/util/xmlb/annotations/Text done
Event: 1.475 loading class java/util/Date
Event: 1.475 loading class java/util/Date done
Event: 1.475 loading class org/jetbrains/kotlin/com/intellij/openapi/util/JDOMExternalizableStringList
Event: 1.475 loading class org/jetbrains/kotlin/com/intellij/openapi/util/JDOMExternalizableStringList done


Dynamic libraries:
0x00007ff71b1e0000 - 0x00007ff71b211000 	C:\Program Files\Android\Android Studio\jre\jre\bin\java.exe
0x00007ffc668d0000 - 0x00007ffc66ab1000 	C:\WINDOWS\SYSTEM32\ntdll.dll
0x00007ffc64880000 - 0x00007ffc64931000 	C:\WINDOWS\System32\KERNEL32.DLL
0x00007ffc636d0000 - 0x00007ffc63943000 	C:\WINDOWS\System32\KERNELBASE.dll
0x00007ffc65120000 - 0x00007ffc651c1000 	C:\WINDOWS\System32\ADVAPI32.dll
0x00007ffc66800000 - 0x00007ffc6689e000 	C:\WINDOWS\System32\msvcrt.dll
0x00007ffc64210000 - 0x00007ffc6426b000 	C:\WINDOWS\System32\sechost.dll
0x00007ffc64e90000 - 0x00007ffc64fb4000 	C:\WINDOWS\System32\RPCRT4.dll
0x00007ffc646f0000 - 0x00007ffc64880000 	C:\WINDOWS\System32\USER32.dll
0x00007ffc63c30000 - 0x00007ffc63c50000 	C:\WINDOWS\System32\win32u.dll
0x00007ffc64270000 - 0x00007ffc64298000 	C:\WINDOWS\System32\GDI32.dll
0x00007ffc62c90000 - 0x00007ffc62e21000 	C:\WINDOWS\System32\gdi32full.dll
0x00007ffc63950000 - 0x00007ffc639ef000 	C:\WINDOWS\System32\msvcp_win.dll
0x00007ffc63c50000 - 0x00007ffc63d48000 	C:\WINDOWS\System32\ucrtbase.dll
0x00007ffc52500000 - 0x00007ffc52769000 	C:\WINDOWS\WinSxS\amd64_microsoft.windows.common-controls_6595b64144ccf1df_6.0.17134.1006_none_d3fbb8f77c940c3f\COMCTL32.dll
0x00007ffc64350000 - 0x00007ffc64671000 	C:\WINDOWS\System32\combase.dll
0x00007ffc63540000 - 0x00007ffc635b9000 	C:\WINDOWS\System32\bcryptPrimitives.dll
0x00007ffc64e60000 - 0x00007ffc64e8d000 	C:\WINDOWS\System32\IMM32.DLL
0x0000000061fc0000 - 0x0000000062092000 	C:\Program Files\Android\Android Studio\jre\jre\bin\msvcr100.dll
0x0000000060c60000 - 0x00000000614a6000 	C:\Program Files\Android\Android Studio\jre\jre\bin\server\jvm.dll
0x00007ffc65110000 - 0x00007ffc65118000 	C:\WINDOWS\System32\PSAPI.DLL
0x00007ffc42910000 - 0x00007ffc42919000 	C:\WINDOWS\SYSTEM32\WSOCK32.dll
0x00007ffc60800000 - 0x00007ffc60823000 	C:\WINDOWS\SYSTEM32\WINMM.dll
0x00007ffc60d70000 - 0x00007ffc60d7a000 	C:\WINDOWS\SYSTEM32\VERSION.dll
0x00007ffc64680000 - 0x00007ffc646ec000 	C:\WINDOWS\System32\WS2_32.dll
0x00007ffc607d0000 - 0x00007ffc607fa000 	C:\WINDOWS\SYSTEM32\WINMMBASE.dll
0x00007ffc639f0000 - 0x00007ffc63a39000 	C:\WINDOWS\System32\cfgmgr32.dll
0x00007ffc573c0000 - 0x00007ffc573cf000 	C:\Program Files\Android\Android Studio\jre\jre\bin\verify.dll
0x00007ffc4f650000 - 0x00007ffc4f679000 	C:\Program Files\Android\Android Studio\jre\jre\bin\java.dll
0x00007ffc572b0000 - 0x00007ffc572c6000 	C:\Program Files\Android\Android Studio\jre\jre\bin\zip.dll
0x00007ffc651d0000 - 0x00007ffc66612000 	C:\WINDOWS\System32\SHELL32.dll
0x00007ffc642a0000 - 0x00007ffc64349000 	C:\WINDOWS\System32\shcore.dll
0x00007ffc62e30000 - 0x00007ffc6353e000 	C:\WINDOWS\System32\windows.storage.dll
0x00007ffc64ba0000 - 0x00007ffc64bf1000 	C:\WINDOWS\System32\shlwapi.dll
0x00007ffc62c50000 - 0x00007ffc62c61000 	C:\WINDOWS\System32\kernel.appcore.dll
0x00007ffc62be0000 - 0x00007ffc62bff000 	C:\WINDOWS\System32\profapi.dll
0x00007ffc62c00000 - 0x00007ffc62c4c000 	C:\WINDOWS\System32\powrprof.dll
0x00007ffc62bd0000 - 0x00007ffc62bda000 	C:\WINDOWS\System32\FLTLIB.DLL

VM Arguments:
java_command: org.jetbrains.kotlin.cli.jvm.K2JVMCompiler -Xallow-no-source-files -classpath C:\Users\justi.JUSTINE-SURFACE\.gradle\caches\transforms-2\files-2.1\22c8a76a0fceff06c9736b6055cb3c8f\databinding-adapters-3.5.0\jars\classes.jar;C:\Users\justi.JUSTINE-SURFACE\.gradle\caches\transforms-2\files-2.1\4d844fba06df92ba9573175671bd485a\databinding-runtime-3.5.0\jars\classes.jar;C:\Users\justi.JUSTINE-SURFACE\.gradle\caches\modules-2\files-2.1\androidx.databinding\databinding-common\3.5.0\ad17a14009fa4322bf1f90fd8ca631992e5d667f\databinding-common-3.5.0.jar;C:\Users\justi.JUSTINE-SURFACE\.gradle\caches\transforms-2\files-2.1\a16f6e7b6c6b182edeeada9cd8d73ea0\navigation-ui-ktx-2.1.0\jars\classes.jar;C:\Users\justi.JUSTINE-SURFACE\.gradle\caches\transforms-2\files-2.1\04635a1223640c78c7313ddacc4f94e9\jetified-navigation-ui-2.1.0\jars\classes.jar;C:\Users\justi.JUSTINE-SURFACE\.gradle\caches\transforms-2\files-2.1\386b98c8a682b2678f74cb95fd699213\material-1.0.0\jars\classes.jar;C:\Users\justi.JUSTINE-SURFACE\.gradle\caches\transforms-2\files-2.1\6d706755a80490db66113e288563ce1d\appcompat-1.0.2\jars\classes.jar;C:\Users\justi.JUSTINE-SURFACE\.gradle\caches\transforms-2\files-2.1\c42464daba748f19034b9ae179cefb8b\core-ktx-1.0.2\jars\classes.jar;C:\Users\justi.JUSTINE-SURFACE\.gradle\caches\transforms-2\files-2.1\48cf507b97dbafaa0d5571f79ab230f1\legacy-support-v4-1.0.0\jars\classes.jar;C:\Users\justi.JUSTINE-SURFACE\.gradle\caches\transforms-2\files-2.1\f395ebf6e31c6e8be66b6ef525f472b8\vectordrawable-animated-1.0.0\jars\classes.jar;C:\Users\justi.JUSTINE-SURFACE\.gradle\caches\transforms-2\files-2.1\412c012a021d75b8b55696d12119004b\recyclerview-1.0.0\jars\classes.jar;C:\Users\justi.JUSTINE-SURFACE\.gradle\caches\transforms-2\files-2.1\889d73841c7cb33b7978774802052ff4\legacy-support-core-ui-1.0.0\jars\classes.jar;C:\Users\justi.JUSTINE-SURFACE\.gradle\caches\transforms-2\files-2.1\5f483a662e5c6752728c189c66ff2398\legacy-support-core-utils-1.0.0\jars\classes.jar;C:\Users\j
java_class_path (initial): C:\Users\justi.JUSTINE-SURFACE\.gradle\caches\modules-2\files-2.1\org.jetbrains.kotlin\kotlin-compiler-embeddable\1.3.41\6b1d4385d65894e07a0d14a5949f5417a408f0b7\kotlin-compiler-embeddable-1.3.41.jar;C:\Users\justi.JUSTINE-SURFACE\.gradle\caches\modules-2\files-2.1\org.jetbrains.kotlin\kotlin-reflect\1.3.41\8fb58b8954661de666e321478bf4178c18ce8018\kotlin-reflect-1.3.41.jar;C:\Users\justi.JUSTINE-SURFACE\.gradle\caches\modules-2\files-2.1\org.jetbrains.kotlin\kotlin-stdlib\1.3.41\e24bd38de28a326cce8b1f0d61e809e9a92dad6a\kotlin-stdlib-1.3.41.jar;C:\Users\justi.JUSTINE-SURFACE\.gradle\caches\modules-2\files-2.1\org.jetbrains.kotlin\kotlin-script-runtime\1.3.41\bcc3380041bbba171119c22d7024961b60da69e0\kotlin-script-runtime-1.3.41.jar;C:\Users\justi.JUSTINE-SURFACE\.gradle\caches\modules-2\files-2.1\org.jetbrains.intellij.deps\trove4j\1.0.20181211\216c2e14b070f334479d800987affe4054cd563f\trove4j-1.0.20181211.jar;C:\Users\justi.JUSTINE-SURFACE\.gradle\caches\modules-2\files-2.1\org.jetbrains.kotlin\kotlin-stdlib-common\1.3.41\2ecf4aa059427d7186312fd1736afedf7972e7f7\kotlin-stdlib-common-1.3.41.jar;C:\Users\justi.JUSTINE-SURFACE\.gradle\caches\modules-2\files-2.1\org.jetbrains\annotations\13.0\919f0dfe192fb4e063e7dacadee7f8bb9a2672a9\annotations-13.0.jar;C:\Program Files\Android\Android Studio\jre\lib\tools.jar
Launcher Type: SUN_STANDARD

Environment Variables:
JAVA_HOME=C:\Program Files\Java\jdk-12.0.2
PATH=C:\Program Files\Haskell\bin;C:\Program Files\Haskell Platform\8.4.3\lib\extralibs\bin;C:\Program Files\Haskell Platform\8.4.3\bin;C:\Program Files (x86)\NVIDIA Corporation\PhysX\Common;C:\ProgramData\Oracle\Java\javapath;C:\WINDOWS\system32;C:\WINDOWS;C:\WINDOWS\System32\Wbem;C:\WINDOWS\System32\WindowsPowerShell\v1.0;C:\Program Files\Java\jdk1.8.0_121\bin;C:\Program Files\Java\jre1.8.0_121\bin;C:\Program Files\Git\cmd;C:\WINDOWS\System32\WindowsPowerShell\v1.0\;C:\WINDOWS\System32\OpenSSH\;C:\Program Files\Haskell Platform\8.4.3\mingw\bin;C:\Program Files\nodejs\;C:\apache-maven-3.6.0-bin\apache-maven-3.6.0\bin;C:\Program Files\MySQL\MySQL Server 8.0\bin;C:\Python;C:\Python\Scripts;C:\Program Files\Java\jdk-12.0.2\bin;C:\Program Files (x86)\Yarn\bin\;C:\Program Files\PostgreSQL\12\bin;C:\Users\justi.JUSTINE-SURFACE\scoop\apps\yarn\current\Yarn\bin;C:\Users\justi.JUSTINE-SURFACE\scoop\apps\yarn\current\global\node_modules\.bin;C:\Users\justi.JUSTINE-SURFACE\scoop\shims;C:\RailsInstaller\Git\cmd;C:\RailsInstaller\Ruby2.3.3\bin;C:\Ruby25-x64\bin;C:\Users\justi.JUSTINE-SURFACE\AppData\Roaming\cabal\bin;C:\bin;C:\Users\justi.JUSTINE-SURFACE\AppData\Local\Microsoft\WindowsApps;C:\Program Files\Microsoft VS Code\bin;C:\Users\justi.JUSTINE-SURFACE\AppData\Roaming\npm;C:\Program Files (x86)\SSH Communications Security\SSH Secure Shell;C:\Users\justi.JUSTINE-SURFACE\AppData\Roaming\Microsoft\Windows\Start Menu\Programs\Python 3.6;C:\Python;C:\Python\Scripts;C:\Program Files\Java\jdk-12.0.2\bin;C:\Users\justi.JUSTINE-SURFACE\AppData\Local\GitHubDesktop\bin;C:\Users\justi.JUSTINE-SURFACE\AppData\Local\Yarn\bin\;C:\Program Files\PostgreSQL\12\bin;
USERNAME=justi
OS=Windows_NT
PROCESSOR_IDENTIFIER=Intel64 Family 6 Model 78 Stepping 3, GenuineIntel



---------------  S Y S T E M  ---------------

OS: Windows 10.0 , 64 bit Build 17134 (10.0.17134.753)

CPU:total 4 (initial active 4) (2 cores per cpu, 2 threads per core) family 6 model 78 stepping 3, cmov, cx8, fxsr, mmx, sse, sse2, sse3, ssse3, sse4.1, sse4.2, popcnt, avx, avx2, aes, clmul, erms, rtm, 3dnowpref, lzcnt, ht, tsc, tscinvbit, bmi1, bmi2, adx

Memory: 4k page, physical 8312088k(1810404k free), swap 14466968k(5260k free)

vm_info: OpenJDK 64-Bit Server VM (25.202-b03) for windows-amd64 JRE (1.8.0_202-release-1483-b03), built by "builder" with MS VC++ 10.0 (VS2010)

time: Wed Nov 06 22:24:34 2019
timezone: Pacific Standard Time
elapsed time: 1 seconds (0d 0h 0m 1s)

